[2021-05-01T00:05:51.760] [INFO] access - ::1 - - "GET / HTTP/1.1" 200 1451 "" "Mozilla/5.0 (Windows NT 10.0; Win64; x64) AppleWebKit/537.36 (KHTML, like Gecko) Chrome/90.0.4430.93 Safari/537.36"
[2021-05-01T00:05:56.673] [INFO] access - ::1 - - "GET /account HTTP/1.1" 200 1540 "http://localhost:3000/" "Mozilla/5.0 (Windows NT 10.0; Win64; x64) AppleWebKit/537.36 (KHTML, like Gecko) Chrome/90.0.4430.93 Safari/537.36"
[2021-05-01T00:05:58.554] [INFO] access - ::1 - - "GET /account/posts/regist HTTP/1.1" 200 3319 "http://localhost:3000/account" "Mozilla/5.0 (Windows NT 10.0; Win64; x64) AppleWebKit/537.36 (KHTML, like Gecko) Chrome/90.0.4430.93 Safari/537.36"
[2021-05-01T00:06:13.122] [INFO] access - ::1 - - "POST /account/posts/regist/confirm HTTP/1.1" 200 3525 "http://localhost:3000/account/posts/regist" "Mozilla/5.0 (Windows NT 10.0; Win64; x64) AppleWebKit/537.36 (KHTML, like Gecko) Chrome/90.0.4430.93 Safari/537.36"
[2021-05-01T00:06:17.289] [INFO] access - ::1 - - "POST /account/posts/regist/input HTTP/1.1" 200 3330 "http://localhost:3000/account/posts/regist/confirm" "Mozilla/5.0 (Windows NT 10.0; Win64; x64) AppleWebKit/537.36 (KHTML, like Gecko) Chrome/90.0.4430.93 Safari/537.36"
[2021-05-01T00:06:20.529] [INFO] access - ::1 - - "POST /account/posts/regist/confirm HTTP/1.1" 200 3525 "http://localhost:3000/account/posts/regist/input" "Mozilla/5.0 (Windows NT 10.0; Win64; x64) AppleWebKit/537.36 (KHTML, like Gecko) Chrome/90.0.4430.93 Safari/537.36"
[2021-05-01T00:08:23.252] [INFO] access - ::1 - - "POST /account/posts/regist/confirm HTTP/1.1" 200 3525 "http://localhost:3000/account/posts/regist/input" "Mozilla/5.0 (Windows NT 10.0; Win64; x64) AppleWebKit/537.36 (KHTML, like Gecko) Chrome/90.0.4430.93 Safari/537.36"
[2021-05-01T00:08:26.827] [INFO] access - ::1 - - "POST /account/posts/regist/input HTTP/1.1" 200 3330 "http://localhost:3000/account/posts/regist/confirm" "Mozilla/5.0 (Windows NT 10.0; Win64; x64) AppleWebKit/537.36 (KHTML, like Gecko) Chrome/90.0.4430.93 Safari/537.36"
[2021-05-01T00:08:31.366] [INFO] access - ::1 - - "POST /account/posts/regist/confirm HTTP/1.1" 200 3532 "http://localhost:3000/account/posts/regist/input" "Mozilla/5.0 (Windows NT 10.0; Win64; x64) AppleWebKit/537.36 (KHTML, like Gecko) Chrome/90.0.4430.93 Safari/537.36"
[2021-05-01T00:08:34.486] [INFO] access - ::1 - - "POST /account/posts/regist/execute HTTP/1.1" 200 1356 "http://localhost:3000/account/posts/regist/confirm" "Mozilla/5.0 (Windows NT 10.0; Win64; x64) AppleWebKit/537.36 (KHTML, like Gecko) Chrome/90.0.4430.93 Safari/537.36"
[2021-05-01T00:08:42.974] [INFO] access - ::1 - - "GET /search HTTP/1.1" 200 2486 "http://localhost:3000/account/posts/regist/execute" "Mozilla/5.0 (Windows NT 10.0; Win64; x64) AppleWebKit/537.36 (KHTML, like Gecko) Chrome/90.0.4430.93 Safari/537.36"
[2021-05-01T00:08:47.500] [INFO] access - ::1 - - "GET /posts/test HTTP/1.1" 200 1669 "http://localhost:3000/search" "Mozilla/5.0 (Windows NT 10.0; Win64; x64) AppleWebKit/537.36 (KHTML, like Gecko) Chrome/90.0.4430.93 Safari/537.36"
[2021-05-01T00:09:04.898] [WARN] access - ::1 - - "GET /account HTTP/1.1" 304 - "http://localhost:3000/search" "Mozilla/5.0 (Windows NT 10.0; Win64; x64) AppleWebKit/537.36 (KHTML, like Gecko) Chrome/90.0.4430.93 Safari/537.36"
[2021-05-01T00:09:08.148] [WARN] access - ::1 - - "GET /account/posts/regist HTTP/1.1" 304 - "http://localhost:3000/account" "Mozilla/5.0 (Windows NT 10.0; Win64; x64) AppleWebKit/537.36 (KHTML, like Gecko) Chrome/90.0.4430.93 Safari/537.36"
[2021-05-01T00:09:09.964] [INFO] access - ::1 - - "POST /account/posts/regist/confirm HTTP/1.1" 200 3780 "http://localhost:3000/account/posts/regist" "Mozilla/5.0 (Windows NT 10.0; Win64; x64) AppleWebKit/537.36 (KHTML, like Gecko) Chrome/90.0.4430.93 Safari/537.36"
[2021-05-01T00:09:31.989] [INFO] access - ::1 - - "POST /account/posts/regist/confirm HTTP/1.1" 200 3537 "http://localhost:3000/account/posts/regist/confirm" "Mozilla/5.0 (Windows NT 10.0; Win64; x64) AppleWebKit/537.36 (KHTML, like Gecko) Chrome/90.0.4430.93 Safari/537.36"
[2021-05-01T00:10:04.797] [INFO] access - ::1 - - "POST /account/posts/regist/execute HTTP/1.1" 200 3592 "http://localhost:3000/account/posts/regist/confirm" "Mozilla/5.0 (Windows NT 10.0; Win64; x64) AppleWebKit/537.36 (KHTML, like Gecko) Chrome/90.0.4430.93 Safari/537.36"
[2021-05-01T00:18:10.527] [INFO] access - ::1 - - "POST /account/posts/regist/execute HTTP/1.1" 200 3592 "http://localhost:3000/account/posts/regist/confirm" "Mozilla/5.0 (Windows NT 10.0; Win64; x64) AppleWebKit/537.36 (KHTML, like Gecko) Chrome/90.0.4430.93 Safari/537.36"
[2021-05-01T00:18:13.817] [INFO] access - ::1 - - "POST /account/posts/regist/confirm HTTP/1.1" 200 3593 "http://localhost:3000/account/posts/regist/execute" "Mozilla/5.0 (Windows NT 10.0; Win64; x64) AppleWebKit/537.36 (KHTML, like Gecko) Chrome/90.0.4430.93 Safari/537.36"
[2021-05-01T00:18:21.869] [INFO] access - ::1 - - "POST /account/posts/regist/confirm HTTP/1.1" 200 3593 "http://localhost:3000/account/posts/regist/confirm" "Mozilla/5.0 (Windows NT 10.0; Win64; x64) AppleWebKit/537.36 (KHTML, like Gecko) Chrome/90.0.4430.93 Safari/537.36"
[2021-05-01T00:20:54.685] [INFO] access - ::1 - - "POST /account/posts/regist/confirm HTTP/1.1" 200 3574 "http://localhost:3000/account/posts/regist/confirm" "Mozilla/5.0 (Windows NT 10.0; Win64; x64) AppleWebKit/537.36 (KHTML, like Gecko) Chrome/90.0.4430.93 Safari/537.36"
[2021-05-01T00:21:02.410] [INFO] access - ::1 - - "POST /account/posts/regist/confirm HTTP/1.1" 200 3537 "http://localhost:3000/account/posts/regist/confirm" "Mozilla/5.0 (Windows NT 10.0; Win64; x64) AppleWebKit/537.36 (KHTML, like Gecko) Chrome/90.0.4430.93 Safari/537.36"
[2021-05-01T00:21:07.332] [INFO] access - ::1 - - "POST /account/posts/regist/execute HTTP/1.1" 200 1356 "http://localhost:3000/account/posts/regist/confirm" "Mozilla/5.0 (Windows NT 10.0; Win64; x64) AppleWebKit/537.36 (KHTML, like Gecko) Chrome/90.0.4430.93 Safari/537.36"
[2021-05-01T00:21:13.880] [WARN] access - ::1 - - "GET / HTTP/1.1" 304 - "http://localhost:3000/account/posts/regist/execute" "Mozilla/5.0 (Windows NT 10.0; Win64; x64) AppleWebKit/537.36 (KHTML, like Gecko) Chrome/90.0.4430.93 Safari/537.36"
[2021-05-01T00:21:18.629] [INFO] access - ::1 - - "GET /search HTTP/1.1" 200 2559 "http://localhost:3000/" "Mozilla/5.0 (Windows NT 10.0; Win64; x64) AppleWebKit/537.36 (KHTML, like Gecko) Chrome/90.0.4430.93 Safari/537.36"
[2021-05-01T00:21:20.486] [INFO] access - ::1 - - "GET /posts/sample.html HTTP/1.1" 200 1683 "http://localhost:3000/search" "Mozilla/5.0 (Windows NT 10.0; Win64; x64) AppleWebKit/537.36 (KHTML, like Gecko) Chrome/90.0.4430.93 Safari/537.36"
[2021-05-01T00:21:26.918] [INFO] access - ::1 - - "GET /search/?keyword=&page=2 HTTP/1.1" 200 2705 "http://localhost:3000/search" "Mozilla/5.0 (Windows NT 10.0; Win64; x64) AppleWebKit/537.36 (KHTML, like Gecko) Chrome/90.0.4430.93 Safari/537.36"
[2021-05-01T00:21:28.760] [INFO] access - ::1 - - "GET /search/?keyword=&page=3 HTTP/1.1" 200 2382 "http://localhost:3000/search/?keyword=&page=2" "Mozilla/5.0 (Windows NT 10.0; Win64; x64) AppleWebKit/537.36 (KHTML, like Gecko) Chrome/90.0.4430.93 Safari/537.36"
[2021-05-01T00:21:31.017] [WARN] access - ::1 - - "GET /search/?keyword=&page=2 HTTP/1.1" 304 - "http://localhost:3000/search/?keyword=&page=3" "Mozilla/5.0 (Windows NT 10.0; Win64; x64) AppleWebKit/537.36 (KHTML, like Gecko) Chrome/90.0.4430.93 Safari/537.36"
[2021-05-01T00:21:33.299] [INFO] access - ::1 - - "GET /search/?keyword=&page=1 HTTP/1.1" 200 2559 "http://localhost:3000/search/?keyword=&page=2" "Mozilla/5.0 (Windows NT 10.0; Win64; x64) AppleWebKit/537.36 (KHTML, like Gecko) Chrome/90.0.4430.93 Safari/537.36"
